Performing C SOURCE FILE Test CMAKE_HAVE_LIBC_PTHREAD failed with the following output:
Change Dir: /home/cezar/CERZAR/workspace/labs/lab-05-stack/cmake-build-debug/CMakeFiles/CMakeTmp

Run Build Command(s):/usr/bin/make cmTC_47308/fast && /usr/bin/make -f CMakeFiles/cmTC_47308.dir/build.make CMakeFiles/cmTC_47308.dir/build
make[1]: вход в каталог «/home/cezar/CERZAR/workspace/labs/lab-05-stack/cmake-build-debug/CMakeFiles/CMakeTmp»
Building C object CMakeFiles/cmTC_47308.dir/src.c.o
/usr/bin/cc   -DCMAKE_HAVE_LIBC_PTHREAD   -o CMakeFiles/cmTC_47308.dir/src.c.o   -c /home/cezar/CERZAR/workspace/labs/lab-05-stack/cmake-build-debug/CMakeFiles/CMakeTmp/src.c
Linking C executable cmTC_47308
/opt/clion-2019.2.4/bin/cmake/linux/bin/cmake -E cmake_link_script CMakeFiles/cmTC_47308.dir/link.txt --verbose=1
/usr/bin/cc  -DCMAKE_HAVE_LIBC_PTHREAD    CMakeFiles/cmTC_47308.dir/src.c.o  -o cmTC_47308 
/usr/bin/ld: CMakeFiles/cmTC_47308.dir/src.c.o: in function `main':
src.c:(.text+0x3e): undefined reference to `pthread_create'
/usr/bin/ld: src.c:(.text+0x4a): undefined reference to `pthread_detach'
/usr/bin/ld: src.c:(.text+0x5b): undefined reference to `pthread_join'
collect2: ошибка: выполнение ld завершилось с кодом возврата 1
make[1]: *** [CMakeFiles/cmTC_47308.dir/build.make:87: cmTC_47308] Ошибка 1
make[1]: выход из каталога «/home/cezar/CERZAR/workspace/labs/lab-05-stack/cmake-build-debug/CMakeFiles/CMakeTmp»
make: *** [Makefile:121: cmTC_47308/fast] Ошибка 2


Source file was:
#include <pthread.h>

void* test_func(void* data)
{
  return data;
}

int main(void)
{
  pthread_t thread;
  pthread_create(&thread, NULL, test_func, NULL);
  pthread_detach(thread);
  pthread_join(thread, NULL);
  pthread_atfork(NULL, NULL, NULL);
  pthread_exit(NULL);

  return 0;
}

Determining if the function pthread_create exists in the pthreads failed with the following output:
Change Dir: /home/cezar/CERZAR/workspace/labs/lab-05-stack/cmake-build-debug/CMakeFiles/CMakeTmp

Run Build Command(s):/usr/bin/make cmTC_6134e/fast && /usr/bin/make -f CMakeFiles/cmTC_6134e.dir/build.make CMakeFiles/cmTC_6134e.dir/build
make[1]: вход в каталог «/home/cezar/CERZAR/workspace/labs/lab-05-stack/cmake-build-debug/CMakeFiles/CMakeTmp»
Building C object CMakeFiles/cmTC_6134e.dir/CheckFunctionExists.c.o
/usr/bin/cc   -DCHECK_FUNCTION_EXISTS=pthread_create   -o CMakeFiles/cmTC_6134e.dir/CheckFunctionExists.c.o   -c /opt/clion-2019.2.4/bin/cmake/linux/share/cmake-3.15/Modules/CheckFunctionExists.c
Linking C executable cmTC_6134e
/opt/clion-2019.2.4/bin/cmake/linux/bin/cmake -E cmake_link_script CMakeFiles/cmTC_6134e.dir/link.txt --verbose=1
/usr/bin/cc  -DCHECK_FUNCTION_EXISTS=pthread_create    CMakeFiles/cmTC_6134e.dir/CheckFunctionExists.c.o  -o cmTC_6134e -lpthreads 
/usr/bin/ld: cannot find -lpthreads
collect2: ошибка: выполнение ld завершилось с кодом возврата 1
make[1]: *** [CMakeFiles/cmTC_6134e.dir/build.make:87: cmTC_6134e] Ошибка 1
make[1]: выход из каталога «/home/cezar/CERZAR/workspace/labs/lab-05-stack/cmake-build-debug/CMakeFiles/CMakeTmp»
make: *** [Makefile:121: cmTC_6134e/fast] Ошибка 2



